<?xml version="1.0" encoding="UTF-8"?>
<testsuite xmlns:xsi="http://www.w3.org/2001/XMLSchema-instance" xsi:noNamespaceSchemaLocation="https://maven.apache.org/surefire/maven-surefire-plugin/xsd/surefire-test-report-3.0.xsd" version="3.0" name="com.apiusuario.apiusuario.ApiusuarioApplicationTests" time="6.966" tests="1" errors="0" skipped="0" failures="0">
  <properties>
[...]
</properties>
  <testcase name="contextLoads" classname="com.apiusuario.apiusuario.ApiusuarioApplicationTests" time="0.54">
    <system-out><![CDATA[00:50:39.999 [main] INFO org.springframework.test.context.support.AnnotationConfigContextLoaderUtils -- Could not detect default configuration classes for test class [com.apiusuario.apiusuario.ApiusuarioApplicationTests]: ApiusuarioApplicationTests does not declare any static, non-private, non-final, nested classes annotated with @Configuration.
00:50:40.134 [main] INFO org.springframework.boot.test.context.SpringBootTestContextBootstrapper -- Found @SpringBootConfiguration com.apiusuario.apiusuario.ApiusuarioApplication for test class com.apiusuario.apiusuario.ApiusuarioApplicationTests
00:50:40.354 [main] INFO org.springframework.boot.devtools.restart.RestartApplicationListener -- Restart disabled due to context in which it is running

  .   ____          _            __ _ _
 /\\ / ___'_ __ _ _(_)_ __  __ _ \ \ \ \
( ( )\___ | '_ | '_| | '_ \/ _` | \ \ \ \
 \\/  ___)| |_)| | | | | || (_| |  ) ) ) )
  '  |____| .__|_| |_|_| |_\__, | / / / /
 =========|_|==============|___/=/_/_/_/
 :: Spring Boot ::                (v3.2.5)

2026-01-30T00:50:40.653-03:00  INFO 5072 --- [apiusuario] [           main] c.a.a.ApiusuarioApplicationTests         : Starting ApiusuarioApplicationTests using Java 21.0.9 with PID 5072 (started by User in C:\Users\User\Downloads\apiusuario\apiusuario)
2026-01-30T00:50:40.654-03:00  INFO 5072 --- [apiusuario] [           main] c.a.a.ApiusuarioApplicationTests         : No active profile set, falling back to 1 default profile: "default"
2026-01-30T00:50:41.580-03:00  INFO 5072 --- [apiusuario] [           main] .s.d.r.c.RepositoryConfigurationDelegate : Bootstrapping Spring Data JPA repositories in DEFAULT mode.
2026-01-30T00:50:41.658-03:00  INFO 5072 --- [apiusuario] [           main] .s.d.r.c.RepositoryConfigurationDelegate : Finished Spring Data repository scanning in 67 ms. Found 1 JPA repository interface.
2026-01-30T00:50:42.256-03:00  INFO 5072 --- [apiusuario] [           main] com.zaxxer.hikari.HikariDataSource       : HikariPool-1 - Starting...
2026-01-30T00:50:42.580-03:00  INFO 5072 --- [apiusuario] [           main] com.zaxxer.hikari.pool.HikariPool        : HikariPool-1 - Added connection org.postgresql.jdbc.PgConnection@6f9ab79d
2026-01-30T00:50:42.581-03:00  INFO 5072 --- [apiusuario] [           main] com.zaxxer.hikari.HikariDataSource       : HikariPool-1 - Start completed.
2026-01-30T00:50:42.702-03:00  INFO 5072 --- [apiusuario] [           main] o.f.c.internal.license.VersionPrinter    : Flyway Community Edition 9.22.3 by Redgate
2026-01-30T00:50:42.702-03:00  INFO 5072 --- [apiusuario] [           main] o.f.c.internal.license.VersionPrinter    : See release notes here: https://rd.gt/416ObMi
2026-01-30T00:50:42.702-03:00  INFO 5072 --- [apiusuario] [           main] o.f.c.internal.license.VersionPrinter    : 
2026-01-30T00:50:42.719-03:00  INFO 5072 --- [apiusuario] [           main] org.flywaydb.core.FlywayExecutor         : Database: jdbc:postgresql://localhost:5434/Usuarios (PostgreSQL 15.15)
2026-01-30T00:50:42.779-03:00  INFO 5072 --- [apiusuario] [           main] o.f.core.internal.command.DbValidate     : Successfully validated 1 migration (execution time 00:00.045s)
2026-01-30T00:50:42.789-03:00  INFO 5072 --- [apiusuario] [           main] o.f.core.internal.command.DbMigrate      : Current version of schema "public": 1
2026-01-30T00:50:42.795-03:00  INFO 5072 --- [apiusuario] [           main] o.f.core.internal.command.DbMigrate      : Schema "public" is up to date. No migration necessary.
2026-01-30T00:50:42.934-03:00  INFO 5072 --- [apiusuario] [           main] o.hibernate.jpa.internal.util.LogHelper  : HHH000204: Processing PersistenceUnitInfo [name: default]
2026-01-30T00:50:43.126-03:00  INFO 5072 --- [apiusuario] [           main] org.hibernate.Version                    : HHH000412: Hibernate ORM core version 6.4.4.Final
2026-01-30T00:50:43.207-03:00  INFO 5072 --- [apiusuario] [           main] o.h.c.internal.RegionFactoryInitiator    : HHH000026: Second-level cache disabled
2026-01-30T00:50:43.630-03:00  INFO 5072 --- [apiusuario] [           main] o.s.o.j.p.SpringPersistenceUnitInfo      : No LoadTimeWeaver setup: ignoring JPA class transformer
2026-01-30T00:50:43.740-03:00  WARN 5072 --- [apiusuario] [           main] org.hibernate.orm.deprecation            : HHH90000025: PostgreSQLDialect does not need to be specified explicitly using 'hibernate.dialect' (remove the property setting and it will be selected by default)
2026-01-30T00:50:44.833-03:00  INFO 5072 --- [apiusuario] [           main] o.h.e.t.j.p.i.JtaPlatformInitiator       : HHH000489: No JTA platform available (set 'hibernate.transaction.jta.platform' to enable JTA platform integration)
2026-01-30T00:50:44.904-03:00  INFO 5072 --- [apiusuario] [           main] j.LocalContainerEntityManagerFactoryBean : Initialized JPA EntityManagerFactory for persistence unit 'default'
2026-01-30T00:50:45.442-03:00  WARN 5072 --- [apiusuario] [           main] JpaBaseConfiguration$JpaWebConfiguration : spring.jpa.open-in-view is enabled by default. Therefore, database queries may be performed during view rendering. Explicitly configure spring.jpa.open-in-view to disable this warning
2026-01-30T00:50:45.786-03:00  INFO 5072 --- [apiusuario] [           main] o.s.s.web.DefaultSecurityFilterChain     : Will secure any request with [org.springframework.security.web.session.DisableEncodeUrlFilter@6ebf9c2d, org.springframework.security.web.context.request.async.WebAsyncManagerIntegrationFilter@753c7411, org.springframework.security.web.context.SecurityContextHolderFilter@6b8cdc4, org.springframework.security.web.header.HeaderWriterFilter@930911e, org.springframework.web.filter.CorsFilter@3ba015b1, org.springframework.security.web.authentication.logout.LogoutFilter@69346100, com.apiusuario.apiusuario.infra.security.SecurityFilter@57fae911, org.springframework.security.web.savedrequest.RequestCacheAwareFilter@ad6255e, org.springframework.security.web.servletapi.SecurityContextHolderAwareRequestFilter@81a56b2, org.springframework.security.web.authentication.AnonymousAuthenticationFilter@499445d2, org.springframework.security.web.session.SessionManagementFilter@77511e9c, org.springframework.security.web.access.ExceptionTranslationFilter@3d2b8e, org.springframework.security.web.access.intercept.AuthorizationFilter@3df4cd96]
2026-01-30T00:50:46.181-03:00  INFO 5072 --- [apiusuario] [           main] c.a.a.ApiusuarioApplicationTests         : Started ApiusuarioApplicationTests in 5.84 seconds (process running for 7.164)
]]></system-out>
    <system-err><![CDATA[WARNING: A Java agent has been loaded dynamically (C:\Users\User\.m2\repository\net\bytebuddy\byte-buddy-agent\1.14.13\byte-buddy-agent-1.14.13.jar)
WARNING: If a serviceability tool is in use, please run with -XX:+EnableDynamicAgentLoading to hide this warning
WARNING: If a serviceability tool is not in use, please run with -Djdk.instrument.traceUsage for more information
WARNING: Dynamic loading of agents will be disallowed by default in a future release
]]></system-err>
  </testcase>
</testsuite>